Using pre-set license
Built from '2021.3/staging' branch; Version is '2021.3.11f1 (0a5ca18544bf) revision 679073'; Using compiler version '192829333'; Build Type 'Release'
OS: 'Windows 10  (10.0.19045) 64bit Professional' Language: 'ko' Physical Memory: 16332 MB
BatchMode: 1, IsHumanControllingUs: 0, StartBugReporterOnCrash: 0, Is64bit: 1, IsPro: 1

COMMAND LINE ARGUMENTS:
C:\Program Files\Unity\Hub\Editor\2021.3.11f1\Editor\Unity.exe
-adb2
-batchMode
-noUpm
-name
AssetImportWorker0
-projectPath
D:/TeamProject/IAGMv2
-logFile
Logs/AssetImportWorker0.log
-srvPort
13933
Successfully changed project path to: D:/TeamProject/IAGMv2
D:/TeamProject/IAGMv2
[UnityMemory] Configuration Parameters - Can be set up in boot.config
    "memorysetup-bucket-allocator-granularity=16"
    "memorysetup-bucket-allocator-bucket-count=8"
    "memorysetup-bucket-allocator-block-size=33554432"
    "memorysetup-bucket-allocator-block-count=8"
    "memorysetup-main-allocator-block-size=16777216"
    "memorysetup-thread-allocator-block-size=16777216"
    "memorysetup-gfx-main-allocator-block-size=16777216"
    "memorysetup-gfx-thread-allocator-block-size=16777216"
    "memorysetup-cache-allocator-block-size=4194304"
    "memorysetup-typetree-allocator-block-size=2097152"
    "memorysetup-profiler-bucket-allocator-granularity=16"
    "memorysetup-profiler-bucket-allocator-bucket-count=8"
    "memorysetup-profiler-bucket-allocator-block-size=33554432"
    "memorysetup-profiler-bucket-allocator-block-count=8"
    "memorysetup-profiler-allocator-block-size=16777216"
    "memorysetup-profiler-editor-allocator-block-size=1048576"
    "memorysetup-temp-allocator-size-main=16777216"
    "memorysetup-job-temp-allocator-block-size=2097152"
    "memorysetup-job-temp-allocator-block-size-background=1048576"
    "memorysetup-job-temp-allocator-reduction-small-platforms=262144"
    "memorysetup-temp-allocator-size-background-worker=32768"
    "memorysetup-temp-allocator-size-job-worker=262144"
    "memorysetup-temp-allocator-size-preload-manager=33554432"
    "memorysetup-temp-allocator-size-nav-mesh-worker=65536"
    "memorysetup-temp-allocator-size-audio-worker=65536"
    "memorysetup-temp-allocator-size-cloud-worker=32768"
    "memorysetup-temp-allocator-size-gi-baking-worker=262144"
    "memorysetup-temp-allocator-size-gfx=262144"
Refreshing native plugins compatible for Editor in 116.06 ms, found 3 plugins.
Preloading 0 native plugins for Editor in 0.00 ms.
Initialize engine version: 2021.3.11f1 (0a5ca18544bf)
[Subsystems] Discovering subsystems at path C:/Program Files/Unity/Hub/Editor/2021.3.11f1/Editor/Data/Resources/UnitySubsystems
[Subsystems] Discovering subsystems at path D:/TeamProject/IAGMv2/Assets
GfxDevice: creating device client; threaded=0; jobified=0
Direct3D:
    Version:  Direct3D 11.0 [level 11.1]
    Renderer: NVIDIA GeForce RTX 2060 SUPER (ID=0x1f06)
    Vendor:   NVIDIA
    VRAM:     8031 MB
    Driver:   31.0.15.1694
Initialize mono
Mono path[0] = 'C:/Program Files/Unity/Hub/Editor/2021.3.11f1/Editor/Data/Managed'
Mono path[1] = 'C:/Program Files/Unity/Hub/Editor/2021.3.11f1/Editor/Data/MonoBleedingEdge/lib/mono/unityjit-win32'
Mono config path = 'C:/Program Files/Unity/Hub/Editor/2021.3.11f1/Editor/Data/MonoBleedingEdge/etc'
Using monoOptions --debugger-agent=transport=dt_socket,embedding=1,server=y,suspend=n,address=127.0.0.1:56128
Begin MonoManager ReloadAssembly
Registering precompiled unity dll's ...
Register platform support module: C:/Program Files/Unity/Hub/Editor/2021.3.11f1/Editor/Data/PlaybackEngines/WindowsStandaloneSupport/UnityEditor.WindowsStandalone.Extensions.dll
Registered in 0.055839 seconds.
Native extension for WindowsStandalone target not found
Refreshing native plugins compatible for Editor in 97.86 ms, found 3 plugins.
Preloading 0 native plugins for Editor in 0.00 ms.
Mono: successfully reloaded assembly
- Completed reload, in  1.038 seconds
Domain Reload Profiling:
	ReloadAssembly (1039ms)
		BeginReloadAssembly (220ms)
			ExecutionOrderSort (0ms)
			DisableScriptedObjects (0ms)
			BackupInstance (0ms)
			ReleaseScriptingObjects (0ms)
			CreateAndSetChildDomain (1ms)
		EndReloadAssembly (551ms)
			LoadAssemblies (208ms)
			RebuildTransferFunctionScriptingTraits (0ms)
			SetupTypeCache (121ms)
			ReleaseScriptCaches (0ms)
			RebuildScriptCaches (29ms)
			SetupLoadedEditorAssemblies (308ms)
				LogAssemblyErrors (0ms)
				InitializePlatformSupportModulesInManaged (23ms)
				SetLoadedEditorAssemblies (0ms)
				RefreshPlugins (98ms)
				BeforeProcessingInitializeOnLoad (1ms)
				ProcessInitializeOnLoadAttributes (125ms)
				ProcessInitializeOnLoadMethodAttributes (59ms)
				AfterProcessingInitializeOnLoad (0ms)
				EditorAssembliesLoaded (0ms)
			ExecutionOrderSort2 (0ms)
			AwakeInstancesAfterBackupRestoration (0ms)
Platform modules already initialized, skipping
Registering precompiled user dll's ...
Registered in 0.012042 seconds.
Begin MonoManager ReloadAssembly
Symbol file LoadedFromMemory doesn't match image D:\TeamProject\IAGMv2\Library\PackageCache\com.unity.visualscripting@1.7.8\Editor\VisualScripting.Core\Dependencies\YamlDotNet\Unity.VisualScripting.YamlDotNet.dll
Symbol file LoadedFromMemory doesn't match image D:\TeamProject\IAGMv2\Library\PackageCache\com.unity.visualscripting@1.7.8\Editor\VisualScripting.Core\Dependencies\DotNetZip\Unity.VisualScripting.IonicZip.dll
Native extension for WindowsStandalone target not found
Refreshing native plugins compatible for Editor in 1.31 ms, found 3 plugins.
Preloading 0 native plugins for Editor in 0.00 ms.
Mono: successfully reloaded assembly
- Completed reload, in  1.614 seconds
Domain Reload Profiling:
	ReloadAssembly (1615ms)
		BeginReloadAssembly (257ms)
			ExecutionOrderSort (0ms)
			DisableScriptedObjects (6ms)
			BackupInstance (0ms)
			ReleaseScriptingObjects (0ms)
			CreateAndSetChildDomain (22ms)
		EndReloadAssembly (1147ms)
			LoadAssemblies (237ms)
			RebuildTransferFunctionScriptingTraits (0ms)
			SetupTypeCache (318ms)
			ReleaseScriptCaches (1ms)
			RebuildScriptCaches (63ms)
			SetupLoadedEditorAssemblies (573ms)
				LogAssemblyErrors (0ms)
				InitializePlatformSupportModulesInManaged (21ms)
				SetLoadedEditorAssemblies (1ms)
				RefreshPlugins (1ms)
				BeforeProcessingInitializeOnLoad (163ms)
				ProcessInitializeOnLoadAttributes (290ms)
				ProcessInitializeOnLoadMethodAttributes (34ms)
				AfterProcessingInitializeOnLoad (63ms)
				EditorAssembliesLoaded (0ms)
			ExecutionOrderSort2 (0ms)
			AwakeInstancesAfterBackupRestoration (16ms)
Platform modules already initialized, skipping
========================================================================
Worker process is ready to serve import requests
Launched and connected shader compiler UnityShaderCompiler.exe after 0.09 seconds
Refreshing native plugins compatible for Editor in 1.48 ms, found 3 plugins.
Preloading 0 native plugins for Editor in 0.00 ms.
Unloading 3463 Unused Serialized files (Serialized files now loaded: 0)
Unloading 24 unused Assets / (30.2 KB). Loaded Objects now: 3926.
Memory consumption went from 124.1 MB to 124.1 MB.
Total: 4.497800 ms (FindLiveObjects: 0.576900 ms CreateObjectMapping: 0.163500 ms MarkObjects: 3.711200 ms  DeleteObjects: 0.044900 ms)

AssetImportParameters requested are different than current active one (requested -> active):
  custom:video-decoder-ogg-theora: a1e56fd34408186e4bbccfd4996cb3dc -> 
  custom:container-muxer-webm: aa71ff27fc2769a1b78a27578f13a17b -> 
  custom:container-demuxer-webm: 4f35f7cbe854078d1ac9338744f61a02 -> 
  custom:video-encoder-webm-vp8: eb34c28f22e8b96e1ab97ce403110664 -> 
  custom:audio-encoder-webm-vorbis: bf7c407c2cedff20999df2af8eb42d56 -> 
  custom:framework-win-MediaFoundation: 216162199b28c13a410421893ffa2e32 -> 
  custom:container-demuxer-ogg: 62fdf1f143b41e24485cea50d1cbac27 -> 
  custom:video-decoder-webm-vp8: 9c59270c3fd7afecdb556c50c9e8de78 -> 
  custom:audio-decoder-ogg-vorbis: bf7c407c2cedff20999df2af8eb42d56 -> 
========================================================================
Received Import Request.
  Time since last request: 46742.017985 seconds.
  path: Assets/Ui/AssetStore/craftpix-895410-free-jungle-cartoon-2d-game-ui/PNG/btn/next.png
  artifactKey: Guid(f0ae6055ad6ed284195280882767bee6) Importer(815301076,1909f56bfc062723c751e8b465ee728b)
Start importing Assets/Ui/AssetStore/craftpix-895410-free-jungle-cartoon-2d-game-ui/PNG/btn/next.png using Guid(f0ae6055ad6ed284195280882767bee6) Importer(815301076,1909f56bfc062723c751e8b465ee728b)  -> (artifact id: '0b5499e8620b97366385155ce84ac7d0') in 0.217321 seconds 
========================================================================
Received Import Request.
  Time since last request: 15.352951 seconds.
  path: Assets/Ui/MainScreen/Image/DotFall.png
  artifactKey: Guid(9cb9eb76769fdf445831253e62262a06) Importer(815301076,1909f56bfc062723c751e8b465ee728b)
Start importing Assets/Ui/MainScreen/Image/DotFall.png using Guid(9cb9eb76769fdf445831253e62262a06) Importer(815301076,1909f56bfc062723c751e8b465ee728b)  -> (artifact id: 'dc48d77fffb422b59d94836448fe067b') in 0.101110 seconds 
========================================================================
Received Import Request.
  Time since last request: 0.000035 seconds.
  path: Assets/Ui/MainScreen/Image/DotSpring.png
  artifactKey: Guid(edd93e8af67bdd844924f0f494ec3037) Importer(815301076,1909f56bfc062723c751e8b465ee728b)
Start importing Assets/Ui/MainScreen/Image/DotSpring.png using Guid(edd93e8af67bdd844924f0f494ec3037) Importer(815301076,1909f56bfc062723c751e8b465ee728b)  -> (artifact id: '36d54570d525c58dee3edd965a40770d') in 0.038635 seconds 
========================================================================
Received Import Request.
  Time since last request: 0.000066 seconds.
  path: Assets/Ui/MainScreen/Image/DotSummer.png
  artifactKey: Guid(b4306218cb7349c4bb045a54f1778bdb) Importer(815301076,1909f56bfc062723c751e8b465ee728b)
Start importing Assets/Ui/MainScreen/Image/DotSummer.png using Guid(b4306218cb7349c4bb045a54f1778bdb) Importer(815301076,1909f56bfc062723c751e8b465ee728b)  -> (artifact id: '55e383bb26ecc901556e57349e89bdc3') in 0.038194 seconds 
========================================================================
Received Import Request.
  Time since last request: 0.000028 seconds.
  path: Assets/Ui/MainScreen/Image/FastPlayButton - Copy.png
  artifactKey: Guid(d9db655fe09de8c47a3bdfca885a6291) Importer(815301076,1909f56bfc062723c751e8b465ee728b)
Start importing Assets/Ui/MainScreen/Image/FastPlayButton - Copy.png using Guid(d9db655fe09de8c47a3bdfca885a6291) Importer(815301076,1909f56bfc062723c751e8b465ee728b)  -> (artifact id: '2b5333132bb6df7206e8cc482d3e80d3') in 0.026800 seconds 
========================================================================
Received Import Request.
  Time since last request: 0.000023 seconds.
  path: Assets/Ui/MainScreen/Image/DotWinter.png
  artifactKey: Guid(6819865114dac1b4e870a81628ee9b40) Importer(815301076,1909f56bfc062723c751e8b465ee728b)
Start importing Assets/Ui/MainScreen/Image/DotWinter.png using Guid(6819865114dac1b4e870a81628ee9b40) Importer(815301076,1909f56bfc062723c751e8b465ee728b)  -> (artifact id: '9f771da94e0e807b785d7bd8dd53ba7d') in 0.028749 seconds 
========================================================================
Received Import Request.
  Time since last request: 0.000023 seconds.
  path: Assets/Ui/MainScreen/Image/Gold.png
  artifactKey: Guid(a54df39778bd6d84295d92db22b5150a) Importer(815301076,1909f56bfc062723c751e8b465ee728b)
Start importing Assets/Ui/MainScreen/Image/Gold.png using Guid(a54df39778bd6d84295d92db22b5150a) Importer(815301076,1909f56bfc062723c751e8b465ee728b)  -> (artifact id: '946458d6b1cb1d173c69835eb72ffdb0') in 0.023868 seconds 
========================================================================
Received Import Request.
  Time since last request: 0.000034 seconds.
  path: Assets/Ui/MainScreen/Image/FastPlayButton.png
  artifactKey: Guid(0696909cc0b0d024e806b3efe21a3fc6) Importer(815301076,1909f56bfc062723c751e8b465ee728b)
Start importing Assets/Ui/MainScreen/Image/FastPlayButton.png using Guid(0696909cc0b0d024e806b3efe21a3fc6) Importer(815301076,1909f56bfc062723c751e8b465ee728b)  -> (artifact id: 'c07f5cdb2f5d077d84038301ba9ff9e1') in 0.021507 seconds 
========================================================================
Received Import Request.
  Time since last request: 0.000021 seconds.
  path: Assets/Ui/MainScreen/Image/Medal.png
  artifactKey: Guid(c1cd25bbdc731584bb8a9d2b212cae67) Importer(815301076,1909f56bfc062723c751e8b465ee728b)
Start importing Assets/Ui/MainScreen/Image/Medal.png using Guid(c1cd25bbdc731584bb8a9d2b212cae67) Importer(815301076,1909f56bfc062723c751e8b465ee728b)  -> (artifact id: 'fecdcb15da189e726d4791d6eb3f54ce') in 0.019120 seconds 
========================================================================
Received Import Request.
  Time since last request: 22.183035 seconds.
  path: Assets/Ui/MainScreen/Image/Arrow.png
  artifactKey: Guid(5868480c6bd83234495579b0e0ed6723) Importer(815301076,1909f56bfc062723c751e8b465ee728b)
Start importing Assets/Ui/MainScreen/Image/Arrow.png using Guid(5868480c6bd83234495579b0e0ed6723) Importer(815301076,1909f56bfc062723c751e8b465ee728b)  -> (artifact id: 'd8400951730ba3e15c6368b030802dc4') in 0.015406 seconds 
========================================================================
Received Import Request.
  Time since last request: 0.000026 seconds.
  path: Assets/Ui/MainScreen/Image/CirCleFrame3.png
  artifactKey: Guid(8ac80c5a2a2aca349920b10d955bc775) Importer(815301076,1909f56bfc062723c751e8b465ee728b)
Start importing Assets/Ui/MainScreen/Image/CirCleFrame3.png using Guid(8ac80c5a2a2aca349920b10d955bc775) Importer(815301076,1909f56bfc062723c751e8b465ee728b)  -> (artifact id: '2fdd0c36d8db23fb275d62196c14faaf') in 0.017812 seconds 
========================================================================
Received Import Request.
  Time since last request: 0.000018 seconds.
  path: Assets/Ui/MainScreen/Image/Crown.png
  artifactKey: Guid(4e4d4a0dead39104b9bef2b9aaab43a1) Importer(815301076,1909f56bfc062723c751e8b465ee728b)
Start importing Assets/Ui/MainScreen/Image/Crown.png using Guid(4e4d4a0dead39104b9bef2b9aaab43a1) Importer(815301076,1909f56bfc062723c751e8b465ee728b)  -> (artifact id: '4fd2240624737777c31bf5d9ebd0bd2d') in 0.015117 seconds 
========================================================================
Received Import Request.
  Time since last request: 6.344848 seconds.
  path: Assets/Ui
  artifactKey: Guid(57962c5e68411ae4cb5e035937b5506d) Importer(815301076,1909f56bfc062723c751e8b465ee728b)
Start importing Assets/Ui using Guid(57962c5e68411ae4cb5e035937b5506d) Importer(815301076,1909f56bfc062723c751e8b465ee728b)  -> (artifact id: 'a04fb8a4cdfc5ccfcb2d2d39d3f495bf') in 0.005261 seconds 
========================================================================
Received Import Request.
  Time since last request: 1.143920 seconds.
  path: Assets/Animation
  artifactKey: Guid(e76a6e47828649e489bdd9f1fc44a981) Importer(815301076,1909f56bfc062723c751e8b465ee728b)
Start importing Assets/Animation using Guid(e76a6e47828649e489bdd9f1fc44a981) Importer(815301076,1909f56bfc062723c751e8b465ee728b)  -> (artifact id: 'e067316f6c8930fcd25726518bb73f0d') in 0.005330 seconds 
========================================================================
Received Import Request.
  Time since last request: 1.772274 seconds.
  path: Assets/Animation/Tutorial
  artifactKey: Guid(1048fcbb02eda1c4c94853cd235ac050) Importer(815301076,1909f56bfc062723c751e8b465ee728b)
Start importing Assets/Animation/Tutorial using Guid(1048fcbb02eda1c4c94853cd235ac050) Importer(815301076,1909f56bfc062723c751e8b465ee728b)  -> (artifact id: '5beddf75a390f60c05550df3d44bb16b') in 0.005281 seconds 
